#-----------------------------------------------------------
# Webtalk v2018.1 (64-bit)
# SW Build 2188600 on Wed Apr  4 18:40:38 MDT 2018
# 
# Start of session at: Thu Jun 28 17:38:25 2018
# Process ID: 7964
# Current directory: C:/Users/HGNogueira/Desktop/vdma_overlay/project_v2/project_v2.sdk/webtalk
# Command line: wbtcv.exe -mode batch -source sdk_webtalk.tcl
# Log file: C:/Users/HGNogueira/Desktop/vdma_overlay/project_v2/project_v2.sdk/webtalk/webtalk.log
# Journal file: C:/Users/HGNogueira/Desktop/vdma_overlay/project_v2/project_v2.sdk/webtalk\webtalk.jou
#-----------------------------------------------------------
source sdk_webtalk.tcl
# webtalk_init -webtalk_dir C:\\Users\\HGNogueira\\Desktop\\vdma_overlay\\project_v2\\project_v2.sdk\\webtalk
# webtalk_register_client -client project
# webtalk_add_data -client project -key date_generated -value "2018-06-28 17:38:23" -context "software_version_and_target_device"
# webtalk_add_data -client project -key product_version -value "SDK v2018.1" -context "software_version_and_target_device"
# webtalk_add_data -client project -key build_version -value "2018.1" -context "software_version_and_target_device"
# webtalk_add_data -client project -key os_platform -value "amd64" -context "software_version_and_target_device"
# webtalk_add_data -client project -key registration_id -value "" -context "software_version_and_target_device"
# webtalk_add_data -client project -key tool_flow -value "SDK" -context "software_version_and_target_device"
# webtalk_add_data -client project -key beta -value "false" -context "software_version_and_target_device"
# webtalk_add_data -client project -key route_design -value "NA" -context "software_version_and_target_device"
# webtalk_add_data -client project -key target_family -value "NA" -context "software_version_and_target_device"
# webtalk_add_data -client project -key target_device -value "NA" -context "software_version_and_target_device"
# webtalk_add_data -client project -key target_package -value "NA" -context "software_version_and_target_device"
# webtalk_add_data -client project -key target_speed -value "NA" -context "software_version_and_target_device"
# webtalk_add_data -client project -key random_id -value "qlpqk00pj4gbnq1jsluhehdrtf" -context "software_version_and_target_device"
# webtalk_add_data -client project -key project_id -value "2018.1_15" -context "software_version_and_target_device"
# webtalk_add_data -client project -key project_iteration -value "15" -context "software_version_and_target_device"
# webtalk_add_data -client project -key os_name -value "Microsoft Windows 8 or later , 64-bit" -context "user_environment"
# webtalk_add_data -client project -key os_release -value "major release  (build 9200)" -context "user_environment"
# webtalk_add_data -client project -key cpu_name -value "Intel(R) Core(TM) i5-7200U CPU @ 2.50GHz" -context "user_environment"
# webtalk_add_data -client project -key cpu_speed -value "2712 MHz" -context "user_environment"
# webtalk_add_data -client project -key total_processors -value "1" -context "user_environment"
# webtalk_add_data -client project -key system_ram -value "8.464 GB" -context "user_environment"
# webtalk_register_client -client sdk
# webtalk_add_data -client sdk -key uid -value "1530199451273" -context "sdk\\\\hardware/1530199451273"
# webtalk_add_data -client sdk -key isZynq -value "true" -context "sdk\\\\hardware/1530199451273"
# webtalk_add_data -client sdk -key isZynqMP -value "false" -context "sdk\\\\hardware/1530199451273"
# webtalk_add_data -client sdk -key Processors -value "2" -context "sdk\\\\hardware/1530199451273"
# webtalk_add_data -client sdk -key VivadoVersion -value "2018.1" -context "sdk\\\\hardware/1530199451273"
# webtalk_add_data -client sdk -key Arch -value "zynq" -context "sdk\\\\hardware/1530199451273"
# webtalk_add_data -client sdk -key Device -value "7z020" -context "sdk\\\\hardware/1530199451273"
# webtalk_add_data -client sdk -key IsHandoff -value "true" -context "sdk\\\\hardware/1530199451273"
# webtalk_add_data -client sdk -key os -value "NA" -context "sdk\\\\hardware/1530199451273"
# webtalk_add_data -client sdk -key apptemplate -value "NA" -context "sdk\\\\hardware/1530199451273"
# webtalk_add_data -client sdk -key RecordType -value "HWCreation" -context "sdk\\\\hardware/1530199451273"
# webtalk_add_data -client sdk -key uid -value "NA" -context "sdk\\\\bsp/1530200303343"
# webtalk_add_data -client sdk -key RecordType -value "ToolUsage" -context "sdk\\\\bsp/1530200303343"
# webtalk_add_data -client sdk -key BootgenCount -value "0" -context "sdk\\\\bsp/1530200303343"
# webtalk_add_data -client sdk -key DebugCount -value "3" -context "sdk\\\\bsp/1530200303343"
# webtalk_add_data -client sdk -key PerfCount -value "0" -context "sdk\\\\bsp/1530200303343"
# webtalk_add_data -client sdk -key FlashCount -value "0" -context "sdk\\\\bsp/1530200303343"
# webtalk_add_data -client sdk -key CrossTriggCount -value "0" -context "sdk\\\\bsp/1530200303343"
# webtalk_add_data -client sdk -key QemuDebugCount -value "0" -context "sdk\\\\bsp/1530200303343"
# webtalk_transmit -clientid 3337635294 -regid "" -xml C:\\Users\\HGNogueira\\Desktop\\vdma_overlay\\project_v2\\project_v2.sdk\\webtalk\\usage_statistics_ext_sdk.xml -html C:\\Users\\HGNogueira\\Desktop\\vdma_overlay\\project_v2\\project_v2.sdk\\webtalk\\usage_statistics_ext_sdk.html -wdm C:\\Users\\HGNogueira\\Desktop\\vdma_overlay\\project_v2\\project_v2.sdk\\webtalk\\sdk_webtalk.wdm -intro "<H3>SDK Usage Report</H3><BR>"
INFO: [Common 17-186] 'C:\Users\HGNogueira\Desktop\vdma_overlay\project_v2\project_v2.sdk\webtalk\usage_statistics_ext_sdk.xml' has been successfully sent to Xilinx on Thu Jun 28 17:38:30 2018. For additional details about this file, please refer to the WebTalk help file at C:/Xilinx/SDK/2018.1/doc/webtalk_introduction.html.
# webtalk_terminate
INFO: [Common 17-206] Exiting Webtalk at Thu Jun 28 17:38:30 2018...
