06:54:42 INFO  : Registering command handlers for SDK TCF services
06:54:44 INFO  : Launching XSCT server: xsct -n -interactive /home/elsalahy/project_v2/project_v2.sdk/temp_xsdb_launch_script.tcl
06:54:48 INFO  : XSCT server has started successfully.
06:54:50 INFO  : Successfully done setting XSCT server connection channel  
06:54:50 INFO  : Successfully done setting SDK workspace  
06:54:50 INFO  : Processing command line option -hwspec /home/elsalahy/project_v2/project_v2.sdk/system_wrapper.hdf.
06:57:59 INFO  : Connected to target on host '127.0.0.1' and port '3121'.
06:58:12 INFO  : Connected to target on host '127.0.0.1' and port '3121'.
06:58:23 INFO  : Connected to target on host '127.0.0.1' and port '3121'.
06:58:26 INFO  : Connected to target on host '127.0.0.1' and port '3121'.
06:58:26 INFO  : 'targets -set -filter {jtag_cable_name =~ "Digilent Zed 210248570626" && level==0} -index 1' command is executed.
06:58:29 INFO  : FPGA configured successfully with bitstream "/home/elsalahy/project_v2/project_v2.sdk/system_wrapper_hw_platform_0/system_wrapper.bit"
06:58:43 INFO  : 'targets -set -filter {jtag_cable_name =~ "Digilent Zed 210248570626" && level==0} -index 1' command is executed.
06:58:43 INFO  : 'fpga -state' command is executed.
06:58:43 INFO  : Connected to target on host '127.0.0.1' and port '3121'.
06:58:43 INFO  : Jtag cable 'Digilent Zed 210248570626' is selected.
06:58:43 INFO  : 'jtag frequency' command is executed.
06:58:43 INFO  : Sourcing of '/home/elsalahy/project_v2/project_v2.sdk/system_wrapper_hw_platform_0/ps7_init.tcl' is done.
06:58:43 INFO  : Context for 'APU' is selected.
06:58:44 INFO  : Hardware design information is loaded from '/home/elsalahy/project_v2/project_v2.sdk/system_wrapper_hw_platform_0/system.hdf'.
06:58:44 INFO  : 'configparams force-mem-access 1' command is executed.
06:58:44 INFO  : Context for 'APU' is selected.
06:58:44 INFO  : 'stop' command is executed.
06:58:45 INFO  : 'ps7_init' command is executed.
06:58:45 INFO  : 'ps7_post_config' command is executed.
06:58:45 INFO  : Context for processor 'ps7_cortexa9_0' is selected.
06:58:45 INFO  : Processor reset is completed for 'ps7_cortexa9_0'.
06:58:45 INFO  : Context for processor 'ps7_cortexa9_0' is selected.
06:58:45 INFO  : The application '/home/elsalahy/project_v2/project_v2.sdk/test/Debug/test.elf' is downloaded to processor 'ps7_cortexa9_0'.
06:58:45 INFO  : 'configparams force-mem-access 0' command is executed.
06:58:45 INFO  : ----------------XSDB Script----------------
connect -url tcp:127.0.0.1:3121
source /home/elsalahy/project_v2/project_v2.sdk/system_wrapper_hw_platform_0/ps7_init.tcl
targets -set -nocase -filter {name =~"APU*" && jtag_cable_name =~ "Digilent Zed 210248570626"} -index 0
loadhw -hw /home/elsalahy/project_v2/project_v2.sdk/system_wrapper_hw_platform_0/system.hdf -mem-ranges [list {0x40000000 0xbfffffff}]
configparams force-mem-access 1
targets -set -nocase -filter {name =~"APU*" && jtag_cable_name =~ "Digilent Zed 210248570626"} -index 0
stop
ps7_init
ps7_post_config
targets -set -nocase -filter {name =~ "ARM*#0" && jtag_cable_name =~ "Digilent Zed 210248570626"} -index 0
rst -processor
targets -set -nocase -filter {name =~ "ARM*#0" && jtag_cable_name =~ "Digilent Zed 210248570626"} -index 0
dow /home/elsalahy/project_v2/project_v2.sdk/test/Debug/test.elf
configparams force-mem-access 0
----------------End of Script----------------

06:58:45 INFO  : Memory regions updated for context APU
06:58:46 INFO  : Context for processor 'ps7_cortexa9_0' is selected.
06:58:46 INFO  : 'con' command is executed.
06:58:46 INFO  : ----------------XSDB Script (After Launch)----------------
targets -set -nocase -filter {name =~ "ARM*#0" && jtag_cable_name =~ "Digilent Zed 210248570626"} -index 0
con
----------------End of Script----------------

06:58:46 INFO  : Launch script is exported to file '/home/elsalahy/project_v2/project_v2.sdk/.sdk/launch_scripts/xilinx_c-c++_application_(system_debugger)/system_debugger_using_debug_test.elf_on_local.tcl'
07:32:33 INFO  : Connected to target on host '127.0.0.1' and port '3121'.
07:32:33 INFO  : 'targets -set -filter {jtag_cable_name =~ "Digilent Zed 210248570626" && level==0} -index 1' command is executed.
07:32:38 INFO  : FPGA configured successfully with bitstream "/home/elsalahy/project_v2/project_v2.sdk/system_wrapper_hw_platform_0/system_wrapper.bit"
07:33:41 INFO  : Disconnected from the channel tcfchan#1.
07:33:43 INFO  : 'targets -set -filter {jtag_cable_name =~ "Digilent Zed 210248570626" && level==0} -index 1' command is executed.
07:33:43 INFO  : 'fpga -state' command is executed.
07:33:43 INFO  : Connected to target on host '127.0.0.1' and port '3121'.
07:33:43 INFO  : Jtag cable 'Digilent Zed 210248570626' is selected.
07:33:43 INFO  : 'jtag frequency' command is executed.
07:33:43 INFO  : Sourcing of '/home/elsalahy/project_v2/project_v2.sdk/system_wrapper_hw_platform_0/ps7_init.tcl' is done.
07:33:43 INFO  : Context for 'APU' is selected.
07:33:45 INFO  : Hardware design information is loaded from '/home/elsalahy/project_v2/project_v2.sdk/system_wrapper_hw_platform_0/system.hdf'.
07:33:45 INFO  : 'configparams force-mem-access 1' command is executed.
07:33:46 INFO  : Context for 'APU' is selected.
07:33:46 INFO  : 'stop' command is executed.
07:33:47 INFO  : 'ps7_init' command is executed.
07:33:47 INFO  : 'ps7_post_config' command is executed.
07:33:47 INFO  : Context for processor 'ps7_cortexa9_0' is selected.
07:33:47 INFO  : Processor reset is completed for 'ps7_cortexa9_0'.
07:33:47 INFO  : Context for processor 'ps7_cortexa9_0' is selected.
07:33:47 INFO  : The application '/home/elsalahy/project_v2/project_v2.sdk/test/Debug/test.elf' is downloaded to processor 'ps7_cortexa9_0'.
07:33:47 INFO  : 'configparams force-mem-access 0' command is executed.
07:33:47 INFO  : ----------------XSDB Script----------------
connect -url tcp:127.0.0.1:3121
source /home/elsalahy/project_v2/project_v2.sdk/system_wrapper_hw_platform_0/ps7_init.tcl
targets -set -nocase -filter {name =~"APU*" && jtag_cable_name =~ "Digilent Zed 210248570626"} -index 0
loadhw -hw /home/elsalahy/project_v2/project_v2.sdk/system_wrapper_hw_platform_0/system.hdf -mem-ranges [list {0x40000000 0xbfffffff}]
configparams force-mem-access 1
targets -set -nocase -filter {name =~"APU*" && jtag_cable_name =~ "Digilent Zed 210248570626"} -index 0
stop
ps7_init
ps7_post_config
targets -set -nocase -filter {name =~ "ARM*#0" && jtag_cable_name =~ "Digilent Zed 210248570626"} -index 0
rst -processor
targets -set -nocase -filter {name =~ "ARM*#0" && jtag_cable_name =~ "Digilent Zed 210248570626"} -index 0
dow /home/elsalahy/project_v2/project_v2.sdk/test/Debug/test.elf
configparams force-mem-access 0
----------------End of Script----------------

07:33:47 INFO  : Memory regions updated for context APU
07:33:48 INFO  : Context for processor 'ps7_cortexa9_0' is selected.
07:33:48 INFO  : 'con' command is executed.
07:33:48 INFO  : ----------------XSDB Script (After Launch)----------------
targets -set -nocase -filter {name =~ "ARM*#0" && jtag_cable_name =~ "Digilent Zed 210248570626"} -index 0
con
----------------End of Script----------------

07:33:48 INFO  : Launch script is exported to file '/home/elsalahy/project_v2/project_v2.sdk/.sdk/launch_scripts/xilinx_c-c++_application_(system_debugger)/system_debugger_using_debug_test.elf_on_local.tcl'
17:24:00 INFO  : Registering command handlers for SDK TCF services
17:24:01 INFO  : Launching XSCT server: xsct.bat -interactive C:\Users\HGNogueira\Desktop\vdma_overlay\project_v2\project_v2.sdk\temp_xsdb_launch_script.tcl
17:24:04 INFO  : XSCT server has started successfully.
17:24:04 INFO  : Successfully done setting XSCT server connection channel  
17:24:04 INFO  : Processing command line option -hwspec C:/Users/HGNogueira/Desktop/vdma_overlay/project_v2/project_v2.sdk/system_wrapper.hdf.
17:24:04 INFO  : Successfully done setting SDK workspace  
17:25:35 INFO  : Connected to target on host '127.0.0.1' and port '3121'.
17:25:53 INFO  : ----------------XSDB Script----------------
connect -url tcp:127.0.0.1:3121
----------------End of Script----------------

17:26:55 INFO  : Connected to target on host '127.0.0.1' and port '3121'.
17:26:55 INFO  : Jtag cable 'Digilent Zed 210248570626' is selected.
17:26:55 INFO  : 'jtag frequency' command is executed.
17:26:55 INFO  : Sourcing of 'C:/Users/HGNogueira/Desktop/vdma_overlay/project_v2/project_v2.sdk/system_wrapper_hw_platform_0/ps7_init.tcl' is done.
17:26:55 INFO  : Context for 'APU' is selected.
17:26:55 INFO  : System reset is completed.
17:26:58 INFO  : 'after 3000' command is executed.
17:26:59 INFO  : 'targets -set -filter {jtag_cable_name =~ "Digilent Zed 210248570626" && level==0} -index 1' command is executed.
17:27:01 INFO  : FPGA configured successfully with bitstream "C:/Users/HGNogueira/Desktop/vdma_overlay/project_v2/project_v2.sdk/system_wrapper_hw_platform_0/system_wrapper.bit"
17:27:01 INFO  : Context for 'APU' is selected.
17:27:01 INFO  : Hardware design information is loaded from 'C:/Users/HGNogueira/Desktop/vdma_overlay/project_v2/project_v2.sdk/system_wrapper_hw_platform_0/system.hdf'.
17:27:01 INFO  : 'configparams force-mem-access 1' command is executed.
17:27:01 INFO  : Context for 'APU' is selected.
17:27:01 INFO  : 'ps7_init' command is executed.
17:27:01 INFO  : 'ps7_post_config' command is executed.
17:27:02 INFO  : Context for processor 'ps7_cortexa9_0' is selected.
17:27:02 INFO  : The application 'C:/Users/HGNogueira/Desktop/vdma_overlay/project_v2/project_v2.sdk/test/Debug/test.elf' is downloaded to processor 'ps7_cortexa9_0'.
17:27:02 INFO  : 'configparams force-mem-access 0' command is executed.
17:27:02 INFO  : ----------------XSDB Script----------------
connect -url tcp:127.0.0.1:3121
source C:/Users/HGNogueira/Desktop/vdma_overlay/project_v2/project_v2.sdk/system_wrapper_hw_platform_0/ps7_init.tcl
targets -set -nocase -filter {name =~"APU*" && jtag_cable_name =~ "Digilent Zed 210248570626"} -index 0
rst -system
after 3000
targets -set -filter {jtag_cable_name =~ "Digilent Zed 210248570626" && level==0} -index 1
fpga -file C:/Users/HGNogueira/Desktop/vdma_overlay/project_v2/project_v2.sdk/system_wrapper_hw_platform_0/system_wrapper.bit
targets -set -nocase -filter {name =~"APU*" && jtag_cable_name =~ "Digilent Zed 210248570626"} -index 0
loadhw -hw C:/Users/HGNogueira/Desktop/vdma_overlay/project_v2/project_v2.sdk/system_wrapper_hw_platform_0/system.hdf -mem-ranges [list {0x40000000 0xbfffffff}]
configparams force-mem-access 1
targets -set -nocase -filter {name =~"APU*" && jtag_cable_name =~ "Digilent Zed 210248570626"} -index 0
ps7_init
ps7_post_config
targets -set -nocase -filter {name =~ "ARM*#0" && jtag_cable_name =~ "Digilent Zed 210248570626"} -index 0
dow C:/Users/HGNogueira/Desktop/vdma_overlay/project_v2/project_v2.sdk/test/Debug/test.elf
configparams force-mem-access 0
----------------End of Script----------------

17:27:02 INFO  : Memory regions updated for context APU
17:27:02 INFO  : Context for processor 'ps7_cortexa9_0' is selected.
17:27:02 INFO  : 'con' command is executed.
17:27:02 INFO  : ----------------XSDB Script (After Launch)----------------
targets -set -nocase -filter {name =~ "ARM*#0" && jtag_cable_name =~ "Digilent Zed 210248570626"} -index 0
con
----------------End of Script----------------

17:27:02 INFO  : Launch script is exported to file 'C:\Users\HGNogueira\Desktop\vdma_overlay\project_v2\project_v2.sdk\.sdk\launch_scripts\xilinx_c-c++_application_(system_debugger)\system_debugger_using_debug_test.elf_on_local.tcl'
17:27:32 INFO  : Disconnected from the channel tcfchan#1.
17:27:33 INFO  : Connected to target on host '127.0.0.1' and port '3121'.
17:27:33 INFO  : Jtag cable 'Digilent Zed 210248570626' is selected.
17:27:33 INFO  : 'jtag frequency' command is executed.
17:27:33 INFO  : Sourcing of 'C:/Users/HGNogueira/Desktop/vdma_overlay/project_v2/project_v2.sdk/system_wrapper_hw_platform_0/ps7_init.tcl' is done.
17:27:34 INFO  : Context for 'APU' is selected.
17:27:34 INFO  : System reset is completed.
17:27:37 INFO  : 'after 3000' command is executed.
17:27:37 INFO  : 'targets -set -filter {jtag_cable_name =~ "Digilent Zed 210248570626" && level==0} -index 1' command is executed.
17:27:39 INFO  : FPGA configured successfully with bitstream "C:/Users/HGNogueira/Desktop/vdma_overlay/project_v2/project_v2.sdk/system_wrapper_hw_platform_0/system_wrapper.bit"
17:27:39 INFO  : Context for 'APU' is selected.
17:27:42 INFO  : Hardware design information is loaded from 'C:/Users/HGNogueira/Desktop/vdma_overlay/project_v2/project_v2.sdk/system_wrapper_hw_platform_0/system.hdf'.
17:27:42 INFO  : 'configparams force-mem-access 1' command is executed.
17:27:42 INFO  : Context for 'APU' is selected.
17:27:43 INFO  : 'ps7_init' command is executed.
17:27:43 INFO  : 'ps7_post_config' command is executed.
17:27:43 INFO  : Context for processor 'ps7_cortexa9_0' is selected.
17:27:43 INFO  : The application 'C:/Users/HGNogueira/Desktop/vdma_overlay/project_v2/project_v2.sdk/test/Debug/test.elf' is downloaded to processor 'ps7_cortexa9_0'.
17:27:43 INFO  : 'configparams force-mem-access 0' command is executed.
17:27:43 INFO  : ----------------XSDB Script----------------
connect -url tcp:127.0.0.1:3121
source C:/Users/HGNogueira/Desktop/vdma_overlay/project_v2/project_v2.sdk/system_wrapper_hw_platform_0/ps7_init.tcl
targets -set -nocase -filter {name =~"APU*" && jtag_cable_name =~ "Digilent Zed 210248570626"} -index 0
rst -system
after 3000
targets -set -filter {jtag_cable_name =~ "Digilent Zed 210248570626" && level==0} -index 1
fpga -file C:/Users/HGNogueira/Desktop/vdma_overlay/project_v2/project_v2.sdk/system_wrapper_hw_platform_0/system_wrapper.bit
targets -set -nocase -filter {name =~"APU*" && jtag_cable_name =~ "Digilent Zed 210248570626"} -index 0
loadhw -hw C:/Users/HGNogueira/Desktop/vdma_overlay/project_v2/project_v2.sdk/system_wrapper_hw_platform_0/system.hdf -mem-ranges [list {0x40000000 0xbfffffff}]
configparams force-mem-access 1
targets -set -nocase -filter {name =~"APU*" && jtag_cable_name =~ "Digilent Zed 210248570626"} -index 0
ps7_init
ps7_post_config
targets -set -nocase -filter {name =~ "ARM*#0" && jtag_cable_name =~ "Digilent Zed 210248570626"} -index 0
dow C:/Users/HGNogueira/Desktop/vdma_overlay/project_v2/project_v2.sdk/test/Debug/test.elf
configparams force-mem-access 0
----------------End of Script----------------

17:27:43 INFO  : Memory regions updated for context APU
17:27:43 INFO  : Context for processor 'ps7_cortexa9_0' is selected.
17:27:43 INFO  : 'con' command is executed.
17:27:43 INFO  : ----------------XSDB Script (After Launch)----------------
targets -set -nocase -filter {name =~ "ARM*#0" && jtag_cable_name =~ "Digilent Zed 210248570626"} -index 0
con
----------------End of Script----------------

17:27:43 INFO  : Launch script is exported to file 'C:\Users\HGNogueira\Desktop\vdma_overlay\project_v2\project_v2.sdk\.sdk\launch_scripts\xilinx_c-c++_application_(system_debugger)\system_debugger_using_debug_test.elf_on_local.tcl'
17:38:23 INFO  : Disconnected from the channel tcfchan#2.
13:40:03 INFO  : Launching XSCT server: xsct.bat -interactive C:\Users\HGNogueira\Desktop\vdma_overlay\project_v2\project_v2.sdk\temp_xsdb_launch_script.tcl
13:40:06 INFO  : XSCT server has started successfully.
13:40:06 INFO  : Successfully done setting XSCT server connection channel  
13:40:13 INFO  : Successfully done setting SDK workspace  
13:40:17 INFO  : Registering command handlers for SDK TCF services
13:40:20 INFO  : Processing command line option -hwspec C:/Users/HGNogueira/Desktop/vdma_overlay/project_v2/project_v2.sdk/system_wrapper.hdf.
13:40:20 INFO  : Checking for hwspec changes in the project system_wrapper_hw_platform_1.
13:40:43 INFO  : Connected to target on host '127.0.0.1' and port '3121'.
13:41:01 INFO  : ----------------XSDB Script----------------
connect -url tcp:127.0.0.1:3121
----------------End of Script----------------

13:41:05 INFO  : Connected to target on host '127.0.0.1' and port '3121'.
13:41:05 INFO  : Jtag cable 'Digilent Zed 210248570626' is selected.
13:41:05 INFO  : 'jtag frequency' command is executed.
13:41:05 INFO  : Sourcing of 'C:/Users/HGNogueira/Desktop/vdma_overlay/project_v2/project_v2.sdk/system_wrapper_hw_platform_0/ps7_init.tcl' is done.
13:41:05 INFO  : Context for 'APU' is selected.
13:41:06 INFO  : System reset is completed.
13:41:09 INFO  : 'after 3000' command is executed.
13:41:09 INFO  : 'targets -set -filter {jtag_cable_name =~ "Digilent Zed 210248570626" && level==0} -index 1' command is executed.
13:41:11 INFO  : FPGA configured successfully with bitstream "C:/Users/HGNogueira/Desktop/vdma_overlay/project_v2/project_v2.sdk/system_wrapper_hw_platform_0/system_wrapper.bit"
13:41:11 INFO  : Context for 'APU' is selected.
13:41:11 INFO  : Hardware design information is loaded from 'C:/Users/HGNogueira/Desktop/vdma_overlay/project_v2/project_v2.sdk/system_wrapper_hw_platform_0/system.hdf'.
13:41:11 INFO  : 'configparams force-mem-access 1' command is executed.
13:41:11 INFO  : Context for 'APU' is selected.
13:41:12 INFO  : 'ps7_init' command is executed.
13:41:12 INFO  : 'ps7_post_config' command is executed.
13:41:12 INFO  : Context for processor 'ps7_cortexa9_0' is selected.
13:41:12 INFO  : The application 'C:/Users/HGNogueira/Desktop/vdma_overlay/project_v2/project_v2.sdk/test/Debug/test.elf' is downloaded to processor 'ps7_cortexa9_0'.
13:41:12 INFO  : 'configparams force-mem-access 0' command is executed.
13:41:12 INFO  : ----------------XSDB Script----------------
connect -url tcp:127.0.0.1:3121
source C:/Users/HGNogueira/Desktop/vdma_overlay/project_v2/project_v2.sdk/system_wrapper_hw_platform_0/ps7_init.tcl
targets -set -nocase -filter {name =~"APU*" && jtag_cable_name =~ "Digilent Zed 210248570626"} -index 0
rst -system
after 3000
targets -set -filter {jtag_cable_name =~ "Digilent Zed 210248570626" && level==0} -index 1
fpga -file C:/Users/HGNogueira/Desktop/vdma_overlay/project_v2/project_v2.sdk/system_wrapper_hw_platform_0/system_wrapper.bit
targets -set -nocase -filter {name =~"APU*" && jtag_cable_name =~ "Digilent Zed 210248570626"} -index 0
loadhw -hw C:/Users/HGNogueira/Desktop/vdma_overlay/project_v2/project_v2.sdk/system_wrapper_hw_platform_0/system.hdf -mem-ranges [list {0x40000000 0xbfffffff}]
configparams force-mem-access 1
targets -set -nocase -filter {name =~"APU*" && jtag_cable_name =~ "Digilent Zed 210248570626"} -index 0
ps7_init
ps7_post_config
targets -set -nocase -filter {name =~ "ARM*#0" && jtag_cable_name =~ "Digilent Zed 210248570626"} -index 0
dow C:/Users/HGNogueira/Desktop/vdma_overlay/project_v2/project_v2.sdk/test/Debug/test.elf
configparams force-mem-access 0
----------------End of Script----------------

13:41:12 INFO  : Memory regions updated for context APU
13:41:12 INFO  : Context for processor 'ps7_cortexa9_0' is selected.
13:41:12 INFO  : 'con' command is executed.
13:41:12 INFO  : ----------------XSDB Script (After Launch)----------------
targets -set -nocase -filter {name =~ "ARM*#0" && jtag_cable_name =~ "Digilent Zed 210248570626"} -index 0
con
----------------End of Script----------------

13:41:12 INFO  : Launch script is exported to file 'C:\Users\HGNogueira\Desktop\vdma_overlay\project_v2\project_v2.sdk\.sdk\launch_scripts\xilinx_c-c++_application_(system_debugger)\system_debugger_using_debug_test.elf_on_local.tcl'
13:48:23 INFO  : SDK has detected change in the last modified timestamps for source hardware specification file Source:1530272749106,  Project:1530198781892
13:48:23 INFO  : Project system_wrapper_hw_platform_1's source hardware specification located at C:/Users/HGNogueira/Desktop/vdma_overlay/project_v2/project_v2.sdk/system_wrapper.hdf is now different from the local copy.
		 The local copy will be replaced with the source specification and your workspace will be updated.
13:49:54 INFO  : Copied contents of C:/Users/HGNogueira/Desktop/vdma_overlay/project_v2/project_v2.sdk/system_wrapper.hdf into \system_wrapper_hw_platform_1\system.hdf.
13:49:59 INFO  : Synchronizing projects in the workspace with the hardware platform specification changes.
13:49:59 INFO  : Clearing existing target manager status.
13:49:59 INFO  : Workspace synchronized with the new hardware specification file. Cleaning dependent projects...
13:49:59 WARN  : Linker script will not be updated automatically. Users need to update it manually.
13:50:58 INFO  : Disconnected from the channel tcfchan#1.
13:50:59 INFO  : Connected to target on host '127.0.0.1' and port '3121'.
13:50:59 INFO  : Jtag cable 'Digilent Zed 210248570626' is selected.
13:51:00 INFO  : 'jtag frequency' command is executed.
13:51:00 INFO  : Sourcing of 'C:/Users/HGNogueira/Desktop/vdma_overlay/project_v2/project_v2.sdk/system_wrapper_hw_platform_0/ps7_init.tcl' is done.
13:51:00 INFO  : Context for 'APU' is selected.
13:51:00 INFO  : System reset is completed.
13:51:03 INFO  : 'after 3000' command is executed.
13:51:03 INFO  : 'targets -set -filter {jtag_cable_name =~ "Digilent Zed 210248570626" && level==0} -index 1' command is executed.
13:51:05 INFO  : FPGA configured successfully with bitstream "C:/Users/HGNogueira/Desktop/vdma_overlay/project_v2/project_v2.sdk/system_wrapper_hw_platform_0/system_wrapper.bit"
13:51:05 INFO  : Context for 'APU' is selected.
13:51:09 INFO  : Hardware design information is loaded from 'C:/Users/HGNogueira/Desktop/vdma_overlay/project_v2/project_v2.sdk/system_wrapper_hw_platform_0/system.hdf'.
13:51:09 INFO  : 'configparams force-mem-access 1' command is executed.
13:51:09 INFO  : Context for 'APU' is selected.
13:51:09 INFO  : 'ps7_init' command is executed.
13:51:09 INFO  : 'ps7_post_config' command is executed.
13:51:09 INFO  : Context for processor 'ps7_cortexa9_0' is selected.
13:51:09 INFO  : The application 'C:/Users/HGNogueira/Desktop/vdma_overlay/project_v2/project_v2.sdk/test/Debug/test.elf' is downloaded to processor 'ps7_cortexa9_0'.
13:51:09 INFO  : 'configparams force-mem-access 0' command is executed.
13:51:09 INFO  : ----------------XSDB Script----------------
connect -url tcp:127.0.0.1:3121
source C:/Users/HGNogueira/Desktop/vdma_overlay/project_v2/project_v2.sdk/system_wrapper_hw_platform_0/ps7_init.tcl
targets -set -nocase -filter {name =~"APU*" && jtag_cable_name =~ "Digilent Zed 210248570626"} -index 0
rst -system
after 3000
targets -set -filter {jtag_cable_name =~ "Digilent Zed 210248570626" && level==0} -index 1
fpga -file C:/Users/HGNogueira/Desktop/vdma_overlay/project_v2/project_v2.sdk/system_wrapper_hw_platform_0/system_wrapper.bit
targets -set -nocase -filter {name =~"APU*" && jtag_cable_name =~ "Digilent Zed 210248570626"} -index 0
loadhw -hw C:/Users/HGNogueira/Desktop/vdma_overlay/project_v2/project_v2.sdk/system_wrapper_hw_platform_0/system.hdf -mem-ranges [list {0x40000000 0xbfffffff}]
configparams force-mem-access 1
targets -set -nocase -filter {name =~"APU*" && jtag_cable_name =~ "Digilent Zed 210248570626"} -index 0
ps7_init
ps7_post_config
targets -set -nocase -filter {name =~ "ARM*#0" && jtag_cable_name =~ "Digilent Zed 210248570626"} -index 0
dow C:/Users/HGNogueira/Desktop/vdma_overlay/project_v2/project_v2.sdk/test/Debug/test.elf
configparams force-mem-access 0
----------------End of Script----------------

13:51:09 INFO  : Memory regions updated for context APU
13:51:09 INFO  : Context for processor 'ps7_cortexa9_0' is selected.
13:51:09 INFO  : 'con' command is executed.
13:51:09 INFO  : ----------------XSDB Script (After Launch)----------------
targets -set -nocase -filter {name =~ "ARM*#0" && jtag_cable_name =~ "Digilent Zed 210248570626"} -index 0
con
----------------End of Script----------------

13:51:09 INFO  : Launch script is exported to file 'C:\Users\HGNogueira\Desktop\vdma_overlay\project_v2\project_v2.sdk\.sdk\launch_scripts\xilinx_c-c++_application_(system_debugger)\system_debugger_using_debug_test.elf_on_local.tcl'
13:54:05 INFO  : Disconnected from the channel tcfchan#2.
13:54:06 INFO  : Connected to target on host '127.0.0.1' and port '3121'.
13:54:07 INFO  : Jtag cable 'Digilent Zed 210248570626' is selected.
13:54:07 INFO  : 'jtag frequency' command is executed.
13:54:07 INFO  : Sourcing of 'C:/Users/HGNogueira/Desktop/vdma_overlay/project_v2/project_v2.sdk/system_wrapper_hw_platform_0/ps7_init.tcl' is done.
13:54:07 INFO  : Context for 'APU' is selected.
13:54:07 INFO  : System reset is completed.
13:54:10 INFO  : 'after 3000' command is executed.
13:54:10 INFO  : 'targets -set -filter {jtag_cable_name =~ "Digilent Zed 210248570626" && level==0} -index 1' command is executed.
13:54:12 INFO  : FPGA configured successfully with bitstream "C:/Users/HGNogueira/Desktop/vdma_overlay/project_v2/project_v2.sdk/system_wrapper_hw_platform_0/system_wrapper.bit"
13:54:12 INFO  : Context for 'APU' is selected.
13:54:12 INFO  : Hardware design information is loaded from 'C:/Users/HGNogueira/Desktop/vdma_overlay/project_v2/project_v2.sdk/system_wrapper_hw_platform_0/system.hdf'.
13:54:12 INFO  : 'configparams force-mem-access 1' command is executed.
13:54:13 INFO  : Context for 'APU' is selected.
13:54:13 INFO  : 'ps7_init' command is executed.
13:54:13 INFO  : 'ps7_post_config' command is executed.
13:54:13 INFO  : Context for processor 'ps7_cortexa9_0' is selected.
13:54:13 INFO  : The application 'C:/Users/HGNogueira/Desktop/vdma_overlay/project_v2/project_v2.sdk/test/Debug/test.elf' is downloaded to processor 'ps7_cortexa9_0'.
13:54:13 INFO  : 'configparams force-mem-access 0' command is executed.
13:54:13 INFO  : ----------------XSDB Script----------------
connect -url tcp:127.0.0.1:3121
source C:/Users/HGNogueira/Desktop/vdma_overlay/project_v2/project_v2.sdk/system_wrapper_hw_platform_0/ps7_init.tcl
targets -set -nocase -filter {name =~"APU*" && jtag_cable_name =~ "Digilent Zed 210248570626"} -index 0
rst -system
after 3000
targets -set -filter {jtag_cable_name =~ "Digilent Zed 210248570626" && level==0} -index 1
fpga -file C:/Users/HGNogueira/Desktop/vdma_overlay/project_v2/project_v2.sdk/system_wrapper_hw_platform_0/system_wrapper.bit
targets -set -nocase -filter {name =~"APU*" && jtag_cable_name =~ "Digilent Zed 210248570626"} -index 0
loadhw -hw C:/Users/HGNogueira/Desktop/vdma_overlay/project_v2/project_v2.sdk/system_wrapper_hw_platform_0/system.hdf -mem-ranges [list {0x40000000 0xbfffffff}]
configparams force-mem-access 1
targets -set -nocase -filter {name =~"APU*" && jtag_cable_name =~ "Digilent Zed 210248570626"} -index 0
ps7_init
ps7_post_config
targets -set -nocase -filter {name =~ "ARM*#0" && jtag_cable_name =~ "Digilent Zed 210248570626"} -index 0
dow C:/Users/HGNogueira/Desktop/vdma_overlay/project_v2/project_v2.sdk/test/Debug/test.elf
configparams force-mem-access 0
----------------End of Script----------------

13:54:13 INFO  : Memory regions updated for context APU
13:54:13 INFO  : Context for processor 'ps7_cortexa9_0' is selected.
13:54:13 INFO  : 'con' command is executed.
13:54:13 INFO  : ----------------XSDB Script (After Launch)----------------
targets -set -nocase -filter {name =~ "ARM*#0" && jtag_cable_name =~ "Digilent Zed 210248570626"} -index 0
con
----------------End of Script----------------

13:54:13 INFO  : Launch script is exported to file 'C:\Users\HGNogueira\Desktop\vdma_overlay\project_v2\project_v2.sdk\.sdk\launch_scripts\xilinx_c-c++_application_(system_debugger)\system_debugger_using_debug_test.elf_on_local.tcl'
16:18:08 INFO  : Disconnected from the channel tcfchan#3.
16:24:01 INFO  : Registering command handlers for SDK TCF services
16:24:02 INFO  : Launching XSCT server: xsct.bat -interactive C:\Users\HGNogueira\Desktop\vdma_overlay\project_v2\project_v2.sdk\temp_xsdb_launch_script.tcl
16:24:05 INFO  : XSCT server has started successfully.
16:24:08 INFO  : Processing command line option -hwspec C:/Users/HGNogueira/Desktop/vdma_overlay/project_v2/project_v2.sdk/system_wrapper.hdf.
16:24:08 INFO  : Successfully done setting XSCT server connection channel  
16:24:14 INFO  : Successfully done setting SDK workspace  
16:24:14 INFO  : Checking for hwspec changes in the project system_wrapper_hw_platform_1.
16:24:16 INFO  : SDK has detected change in the last modified timestamps for source hardware specification file Source:1530282136057,  Project:1530272749106
16:24:16 INFO  : The hardware specification for project 'system_wrapper_hw_platform_1' is different from C:/Users/HGNogueira/Desktop/vdma_overlay/project_v2/project_v2.sdk/system_wrapper.hdf.
16:24:16 INFO  : Copied contents of C:/Users/HGNogueira/Desktop/vdma_overlay/project_v2/project_v2.sdk/system_wrapper.hdf into \system_wrapper_hw_platform_1\system.hdf.
16:24:21 INFO  : Synchronizing projects in the workspace with the hardware platform specification changes.
16:24:21 INFO  : Clearing existing target manager status.
16:24:21 INFO  : Workspace synchronized with the new hardware specification file. Cleaning dependent projects...
16:24:21 WARN  : Linker script will not be updated automatically. Users need to update it manually.
16:24:35 INFO  : Connected to target on host '127.0.0.1' and port '3121'.
16:24:36 INFO  : Jtag cable 'Digilent Zed 210248570626' is selected.
16:24:36 INFO  : 'jtag frequency' command is executed.
16:24:36 INFO  : Sourcing of 'C:/Users/HGNogueira/Desktop/vdma_overlay/project_v2/project_v2.sdk/system_wrapper_hw_platform_0/ps7_init.tcl' is done.
16:24:36 INFO  : Context for 'APU' is selected.
16:24:36 INFO  : System reset is completed.
16:24:39 INFO  : 'after 3000' command is executed.
16:24:39 INFO  : 'targets -set -filter {jtag_cable_name =~ "Digilent Zed 210248570626" && level==0} -index 1' command is executed.
16:24:42 INFO  : FPGA configured successfully with bitstream "C:/Users/HGNogueira/Desktop/vdma_overlay/project_v2/project_v2.sdk/system_wrapper_hw_platform_0/system_wrapper.bit"
16:24:42 INFO  : Context for 'APU' is selected.
16:24:42 INFO  : Hardware design information is loaded from 'C:/Users/HGNogueira/Desktop/vdma_overlay/project_v2/project_v2.sdk/system_wrapper_hw_platform_0/system.hdf'.
16:24:42 INFO  : 'configparams force-mem-access 1' command is executed.
16:24:42 INFO  : Context for 'APU' is selected.
16:24:42 INFO  : 'ps7_init' command is executed.
16:24:42 INFO  : 'ps7_post_config' command is executed.
16:24:42 INFO  : Context for processor 'ps7_cortexa9_0' is selected.
16:24:43 INFO  : The application 'C:/Users/HGNogueira/Desktop/vdma_overlay/project_v2/project_v2.sdk/test/Debug/test.elf' is downloaded to processor 'ps7_cortexa9_0'.
16:24:43 INFO  : 'configparams force-mem-access 0' command is executed.
16:24:43 INFO  : ----------------XSDB Script----------------
connect -url tcp:127.0.0.1:3121
source C:/Users/HGNogueira/Desktop/vdma_overlay/project_v2/project_v2.sdk/system_wrapper_hw_platform_0/ps7_init.tcl
targets -set -nocase -filter {name =~"APU*" && jtag_cable_name =~ "Digilent Zed 210248570626"} -index 0
rst -system
after 3000
targets -set -filter {jtag_cable_name =~ "Digilent Zed 210248570626" && level==0} -index 1
fpga -file C:/Users/HGNogueira/Desktop/vdma_overlay/project_v2/project_v2.sdk/system_wrapper_hw_platform_0/system_wrapper.bit
targets -set -nocase -filter {name =~"APU*" && jtag_cable_name =~ "Digilent Zed 210248570626"} -index 0
loadhw -hw C:/Users/HGNogueira/Desktop/vdma_overlay/project_v2/project_v2.sdk/system_wrapper_hw_platform_0/system.hdf -mem-ranges [list {0x40000000 0xbfffffff}]
configparams force-mem-access 1
targets -set -nocase -filter {name =~"APU*" && jtag_cable_name =~ "Digilent Zed 210248570626"} -index 0
ps7_init
ps7_post_config
targets -set -nocase -filter {name =~ "ARM*#0" && jtag_cable_name =~ "Digilent Zed 210248570626"} -index 0
dow C:/Users/HGNogueira/Desktop/vdma_overlay/project_v2/project_v2.sdk/test/Debug/test.elf
configparams force-mem-access 0
----------------End of Script----------------

16:24:43 INFO  : Memory regions updated for context APU
16:24:43 INFO  : Context for processor 'ps7_cortexa9_0' is selected.
16:24:43 INFO  : 'con' command is executed.
16:24:43 INFO  : ----------------XSDB Script (After Launch)----------------
targets -set -nocase -filter {name =~ "ARM*#0" && jtag_cable_name =~ "Digilent Zed 210248570626"} -index 0
con
----------------End of Script----------------

16:24:43 INFO  : Launch script is exported to file 'C:\Users\HGNogueira\Desktop\vdma_overlay\project_v2\project_v2.sdk\.sdk\launch_scripts\xilinx_c-c++_application_(system_debugger)\system_debugger_using_debug_test.elf_on_local.tcl'
16:25:38 INFO  : Disconnected from the channel tcfchan#1.
16:25:39 INFO  : Connected to target on host '127.0.0.1' and port '3121'.
16:25:40 INFO  : Jtag cable 'Digilent Zed 210248570626' is selected.
16:25:40 INFO  : 'jtag frequency' command is executed.
16:25:40 INFO  : Sourcing of 'C:/Users/HGNogueira/Desktop/vdma_overlay/project_v2/project_v2.sdk/system_wrapper_hw_platform_0/ps7_init.tcl' is done.
16:25:40 INFO  : Context for 'APU' is selected.
16:25:40 INFO  : System reset is completed.
16:25:43 INFO  : 'after 3000' command is executed.
16:25:43 INFO  : 'targets -set -filter {jtag_cable_name =~ "Digilent Zed 210248570626" && level==0} -index 1' command is executed.
16:25:45 INFO  : FPGA configured successfully with bitstream "C:/Users/HGNogueira/Desktop/vdma_overlay/project_v2/project_v2.sdk/system_wrapper_hw_platform_0/system_wrapper.bit"
16:25:45 INFO  : Context for 'APU' is selected.
16:25:48 INFO  : Hardware design information is loaded from 'C:/Users/HGNogueira/Desktop/vdma_overlay/project_v2/project_v2.sdk/system_wrapper_hw_platform_0/system.hdf'.
16:25:48 INFO  : 'configparams force-mem-access 1' command is executed.
16:25:48 INFO  : Context for 'APU' is selected.
16:25:48 INFO  : 'ps7_init' command is executed.
16:25:48 INFO  : 'ps7_post_config' command is executed.
16:25:48 INFO  : Context for processor 'ps7_cortexa9_0' is selected.
16:25:49 INFO  : The application 'C:/Users/HGNogueira/Desktop/vdma_overlay/project_v2/project_v2.sdk/test/Debug/test.elf' is downloaded to processor 'ps7_cortexa9_0'.
16:25:49 INFO  : 'configparams force-mem-access 0' command is executed.
16:25:49 INFO  : ----------------XSDB Script----------------
connect -url tcp:127.0.0.1:3121
source C:/Users/HGNogueira/Desktop/vdma_overlay/project_v2/project_v2.sdk/system_wrapper_hw_platform_0/ps7_init.tcl
targets -set -nocase -filter {name =~"APU*" && jtag_cable_name =~ "Digilent Zed 210248570626"} -index 0
rst -system
after 3000
targets -set -filter {jtag_cable_name =~ "Digilent Zed 210248570626" && level==0} -index 1
fpga -file C:/Users/HGNogueira/Desktop/vdma_overlay/project_v2/project_v2.sdk/system_wrapper_hw_platform_0/system_wrapper.bit
targets -set -nocase -filter {name =~"APU*" && jtag_cable_name =~ "Digilent Zed 210248570626"} -index 0
loadhw -hw C:/Users/HGNogueira/Desktop/vdma_overlay/project_v2/project_v2.sdk/system_wrapper_hw_platform_0/system.hdf -mem-ranges [list {0x40000000 0xbfffffff}]
configparams force-mem-access 1
targets -set -nocase -filter {name =~"APU*" && jtag_cable_name =~ "Digilent Zed 210248570626"} -index 0
ps7_init
ps7_post_config
targets -set -nocase -filter {name =~ "ARM*#0" && jtag_cable_name =~ "Digilent Zed 210248570626"} -index 0
dow C:/Users/HGNogueira/Desktop/vdma_overlay/project_v2/project_v2.sdk/test/Debug/test.elf
configparams force-mem-access 0
----------------End of Script----------------

16:25:49 INFO  : Memory regions updated for context APU
16:25:49 INFO  : Context for processor 'ps7_cortexa9_0' is selected.
16:25:49 INFO  : 'con' command is executed.
16:25:49 INFO  : ----------------XSDB Script (After Launch)----------------
targets -set -nocase -filter {name =~ "ARM*#0" && jtag_cable_name =~ "Digilent Zed 210248570626"} -index 0
con
----------------End of Script----------------

16:25:49 INFO  : Launch script is exported to file 'C:\Users\HGNogueira\Desktop\vdma_overlay\project_v2\project_v2.sdk\.sdk\launch_scripts\xilinx_c-c++_application_(system_debugger)\system_debugger_using_debug_test.elf_on_local.tcl'
16:27:45 INFO  : Disconnected from the channel tcfchan#2.
16:27:46 INFO  : Connected to target on host '127.0.0.1' and port '3121'.
16:27:46 INFO  : Jtag cable 'Digilent Zed 210248570626' is selected.
16:27:46 INFO  : 'jtag frequency' command is executed.
16:27:46 INFO  : Sourcing of 'C:/Users/HGNogueira/Desktop/vdma_overlay/project_v2/project_v2.sdk/system_wrapper_hw_platform_0/ps7_init.tcl' is done.
16:27:46 INFO  : Context for 'APU' is selected.
16:27:46 INFO  : System reset is completed.
16:27:49 INFO  : 'after 3000' command is executed.
16:27:49 INFO  : 'targets -set -filter {jtag_cable_name =~ "Digilent Zed 210248570626" && level==0} -index 1' command is executed.
16:27:52 INFO  : FPGA configured successfully with bitstream "C:/Users/HGNogueira/Desktop/vdma_overlay/project_v2/project_v2.runs/impl_1/system_wrapper.bit"
16:27:52 INFO  : Context for 'APU' is selected.
16:27:52 INFO  : Hardware design information is loaded from 'C:/Users/HGNogueira/Desktop/vdma_overlay/project_v2/project_v2.sdk/system_wrapper_hw_platform_0/system.hdf'.
16:27:52 INFO  : 'configparams force-mem-access 1' command is executed.
16:27:52 INFO  : Context for 'APU' is selected.
16:27:52 INFO  : 'ps7_init' command is executed.
16:27:52 INFO  : 'ps7_post_config' command is executed.
16:27:52 INFO  : Context for processor 'ps7_cortexa9_0' is selected.
16:27:53 INFO  : The application 'C:/Users/HGNogueira/Desktop/vdma_overlay/project_v2/project_v2.sdk/test/Debug/test.elf' is downloaded to processor 'ps7_cortexa9_0'.
16:27:53 INFO  : 'configparams force-mem-access 0' command is executed.
16:27:53 INFO  : ----------------XSDB Script----------------
connect -url tcp:127.0.0.1:3121
source C:/Users/HGNogueira/Desktop/vdma_overlay/project_v2/project_v2.sdk/system_wrapper_hw_platform_0/ps7_init.tcl
targets -set -nocase -filter {name =~"APU*" && jtag_cable_name =~ "Digilent Zed 210248570626"} -index 0
rst -system
after 3000
targets -set -filter {jtag_cable_name =~ "Digilent Zed 210248570626" && level==0} -index 1
fpga -file C:/Users/HGNogueira/Desktop/vdma_overlay/project_v2/project_v2.runs/impl_1/system_wrapper.bit
targets -set -nocase -filter {name =~"APU*" && jtag_cable_name =~ "Digilent Zed 210248570626"} -index 0
loadhw -hw C:/Users/HGNogueira/Desktop/vdma_overlay/project_v2/project_v2.sdk/system_wrapper_hw_platform_0/system.hdf -mem-ranges [list {0x40000000 0xbfffffff}]
configparams force-mem-access 1
targets -set -nocase -filter {name =~"APU*" && jtag_cable_name =~ "Digilent Zed 210248570626"} -index 0
ps7_init
ps7_post_config
targets -set -nocase -filter {name =~ "ARM*#0" && jtag_cable_name =~ "Digilent Zed 210248570626"} -index 0
dow C:/Users/HGNogueira/Desktop/vdma_overlay/project_v2/project_v2.sdk/test/Debug/test.elf
configparams force-mem-access 0
----------------End of Script----------------

16:27:53 INFO  : Memory regions updated for context APU
16:27:53 INFO  : Context for processor 'ps7_cortexa9_0' is selected.
16:27:53 INFO  : 'con' command is executed.
16:27:53 INFO  : ----------------XSDB Script (After Launch)----------------
targets -set -nocase -filter {name =~ "ARM*#0" && jtag_cable_name =~ "Digilent Zed 210248570626"} -index 0
con
----------------End of Script----------------

16:27:53 INFO  : Launch script is exported to file 'C:\Users\HGNogueira\Desktop\vdma_overlay\project_v2\project_v2.sdk\.sdk\launch_scripts\xilinx_c-c++_application_(system_debugger)\system_debugger_using_debug_test.elf_on_local.tcl'
17:15:18 INFO  : Disconnected from the channel tcfchan#3.
20:03:40 INFO  : Registering command handlers for SDK TCF services
20:03:41 INFO  : Launching XSCT server: xsct.bat -interactive C:\Users\HGNogueira\Desktop\vdma_overlay\project_v2\project_v2.sdk\temp_xsdb_launch_script.tcl
20:03:45 INFO  : XSCT server has started successfully.
20:03:48 INFO  : Processing command line option -hwspec C:/Users/HGNogueira/Desktop/vdma_overlay/project_v2/project_v2.sdk/system_wrapper.hdf.
20:03:48 INFO  : Successfully done setting XSCT server connection channel  
20:03:48 INFO  : Successfully done setting SDK workspace  
20:03:48 INFO  : Checking for hwspec changes in the project system_wrapper_hw_platform_1.
20:47:03 INFO  : Connected to target on host '127.0.0.1' and port '3121'.
20:47:04 INFO  : Jtag cable 'Digilent Zed 210248570626' is selected.
20:47:04 INFO  : 'jtag frequency' command is executed.
20:47:04 INFO  : Sourcing of 'C:/Users/HGNogueira/Desktop/vdma_overlay/project_v2/project_v2.sdk/system_wrapper_hw_platform_0/ps7_init.tcl' is done.
20:47:04 INFO  : Context for 'APU' is selected.
20:47:04 INFO  : System reset is completed.
20:47:07 INFO  : 'after 3000' command is executed.
20:47:07 INFO  : 'targets -set -filter {jtag_cable_name =~ "Digilent Zed 210248570626" && level==0} -index 1' command is executed.
20:47:10 INFO  : FPGA configured successfully with bitstream "C:/Users/HGNogueira/Desktop/vdma_overlay/project_v2/project_v2.sdk/system_wrapper_hw_platform_0/system_wrapper.bit"
20:47:10 INFO  : Context for 'APU' is selected.
20:47:10 INFO  : Hardware design information is loaded from 'C:/Users/HGNogueira/Desktop/vdma_overlay/project_v2/project_v2.sdk/system_wrapper_hw_platform_0/system.hdf'.
20:47:10 INFO  : 'configparams force-mem-access 1' command is executed.
20:47:10 INFO  : Context for 'APU' is selected.
20:47:10 INFO  : 'ps7_init' command is executed.
20:47:11 INFO  : 'ps7_post_config' command is executed.
20:47:11 INFO  : Context for processor 'ps7_cortexa9_0' is selected.
20:47:11 INFO  : The application 'C:/Users/HGNogueira/Desktop/vdma_overlay/project_v2/project_v2.sdk/test/Debug/test.elf' is downloaded to processor 'ps7_cortexa9_0'.
20:47:11 INFO  : 'configparams force-mem-access 0' command is executed.
20:47:11 INFO  : ----------------XSDB Script----------------
connect -url tcp:127.0.0.1:3121
source C:/Users/HGNogueira/Desktop/vdma_overlay/project_v2/project_v2.sdk/system_wrapper_hw_platform_0/ps7_init.tcl
targets -set -nocase -filter {name =~"APU*" && jtag_cable_name =~ "Digilent Zed 210248570626"} -index 0
rst -system
after 3000
targets -set -filter {jtag_cable_name =~ "Digilent Zed 210248570626" && level==0} -index 1
fpga -file C:/Users/HGNogueira/Desktop/vdma_overlay/project_v2/project_v2.sdk/system_wrapper_hw_platform_0/system_wrapper.bit
targets -set -nocase -filter {name =~"APU*" && jtag_cable_name =~ "Digilent Zed 210248570626"} -index 0
loadhw -hw C:/Users/HGNogueira/Desktop/vdma_overlay/project_v2/project_v2.sdk/system_wrapper_hw_platform_0/system.hdf -mem-ranges [list {0x40000000 0xbfffffff}]
configparams force-mem-access 1
targets -set -nocase -filter {name =~"APU*" && jtag_cable_name =~ "Digilent Zed 210248570626"} -index 0
ps7_init
ps7_post_config
targets -set -nocase -filter {name =~ "ARM*#0" && jtag_cable_name =~ "Digilent Zed 210248570626"} -index 0
dow C:/Users/HGNogueira/Desktop/vdma_overlay/project_v2/project_v2.sdk/test/Debug/test.elf
configparams force-mem-access 0
----------------End of Script----------------

20:47:11 INFO  : Memory regions updated for context APU
20:47:11 INFO  : Context for processor 'ps7_cortexa9_0' is selected.
20:47:11 INFO  : 'con' command is executed.
20:47:11 INFO  : ----------------XSDB Script (After Launch)----------------
targets -set -nocase -filter {name =~ "ARM*#0" && jtag_cable_name =~ "Digilent Zed 210248570626"} -index 0
con
----------------End of Script----------------

20:47:11 INFO  : Launch script is exported to file 'C:\Users\HGNogueira\Desktop\vdma_overlay\project_v2\project_v2.sdk\.sdk\launch_scripts\xilinx_c-c++_application_(system_debugger)\system_debugger_using_debug_test.elf_on_local.tcl'
20:50:38 INFO  : SDK has detected change in the last modified timestamps for source hardware specification file Source:1530298209350,  Project:1530282136057
20:50:38 INFO  : Project system_wrapper_hw_platform_1's source hardware specification located at C:/Users/HGNogueira/Desktop/vdma_overlay/project_v2/project_v2.sdk/system_wrapper.hdf is now different from the local copy.
		 The local copy will be replaced with the source specification and your workspace will be updated.
20:50:41 INFO  : Copied contents of C:/Users/HGNogueira/Desktop/vdma_overlay/project_v2/project_v2.sdk/system_wrapper.hdf into \system_wrapper_hw_platform_1\system.hdf.
20:50:46 INFO  : Synchronizing projects in the workspace with the hardware platform specification changes.
20:50:46 INFO  : Clearing existing target manager status.
20:50:46 INFO  : Workspace synchronized with the new hardware specification file. Cleaning dependent projects...
20:50:46 WARN  : Linker script will not be updated automatically. Users need to update it manually.
20:50:53 INFO  : Disconnected from the channel tcfchan#1.
20:50:54 INFO  : Connected to target on host '127.0.0.1' and port '3121'.
20:50:54 INFO  : Jtag cable 'Digilent Zed 210248570626' is selected.
20:50:54 INFO  : 'jtag frequency' command is executed.
20:50:54 INFO  : Sourcing of 'C:/Users/HGNogueira/Desktop/vdma_overlay/project_v2/project_v2.sdk/system_wrapper_hw_platform_0/ps7_init.tcl' is done.
20:50:54 INFO  : Context for 'APU' is selected.
20:50:55 INFO  : System reset is completed.
20:50:58 INFO  : 'after 3000' command is executed.
20:50:58 INFO  : 'targets -set -filter {jtag_cable_name =~ "Digilent Zed 210248570626" && level==0} -index 1' command is executed.
20:51:00 INFO  : FPGA configured successfully with bitstream "C:/Users/HGNogueira/Desktop/vdma_overlay/project_v2/project_v2.runs/impl_1/system_wrapper.bit"
20:51:00 INFO  : Context for 'APU' is selected.
20:51:03 INFO  : Hardware design information is loaded from 'C:/Users/HGNogueira/Desktop/vdma_overlay/project_v2/project_v2.sdk/system_wrapper_hw_platform_0/system.hdf'.
20:51:03 INFO  : 'configparams force-mem-access 1' command is executed.
20:51:03 INFO  : Context for 'APU' is selected.
20:51:03 INFO  : 'ps7_init' command is executed.
20:51:03 INFO  : 'ps7_post_config' command is executed.
20:51:03 INFO  : Context for processor 'ps7_cortexa9_0' is selected.
20:51:03 INFO  : The application 'C:/Users/HGNogueira/Desktop/vdma_overlay/project_v2/project_v2.sdk/test/Debug/test.elf' is downloaded to processor 'ps7_cortexa9_0'.
20:51:03 INFO  : 'configparams force-mem-access 0' command is executed.
20:51:03 INFO  : ----------------XSDB Script----------------
connect -url tcp:127.0.0.1:3121
source C:/Users/HGNogueira/Desktop/vdma_overlay/project_v2/project_v2.sdk/system_wrapper_hw_platform_0/ps7_init.tcl
targets -set -nocase -filter {name =~"APU*" && jtag_cable_name =~ "Digilent Zed 210248570626"} -index 0
rst -system
after 3000
targets -set -filter {jtag_cable_name =~ "Digilent Zed 210248570626" && level==0} -index 1
fpga -file C:/Users/HGNogueira/Desktop/vdma_overlay/project_v2/project_v2.runs/impl_1/system_wrapper.bit
targets -set -nocase -filter {name =~"APU*" && jtag_cable_name =~ "Digilent Zed 210248570626"} -index 0
loadhw -hw C:/Users/HGNogueira/Desktop/vdma_overlay/project_v2/project_v2.sdk/system_wrapper_hw_platform_0/system.hdf -mem-ranges [list {0x40000000 0xbfffffff}]
configparams force-mem-access 1
targets -set -nocase -filter {name =~"APU*" && jtag_cable_name =~ "Digilent Zed 210248570626"} -index 0
ps7_init
ps7_post_config
targets -set -nocase -filter {name =~ "ARM*#0" && jtag_cable_name =~ "Digilent Zed 210248570626"} -index 0
dow C:/Users/HGNogueira/Desktop/vdma_overlay/project_v2/project_v2.sdk/test/Debug/test.elf
configparams force-mem-access 0
----------------End of Script----------------

20:51:03 INFO  : Memory regions updated for context APU
20:51:03 INFO  : Context for processor 'ps7_cortexa9_0' is selected.
20:51:04 INFO  : 'con' command is executed.
20:51:04 INFO  : ----------------XSDB Script (After Launch)----------------
targets -set -nocase -filter {name =~ "ARM*#0" && jtag_cable_name =~ "Digilent Zed 210248570626"} -index 0
con
----------------End of Script----------------

20:51:04 INFO  : Launch script is exported to file 'C:\Users\HGNogueira\Desktop\vdma_overlay\project_v2\project_v2.sdk\.sdk\launch_scripts\xilinx_c-c++_application_(system_debugger)\system_debugger_using_debug_test.elf_on_local.tcl'
03:06:48 INFO  : Disconnected from the channel tcfchan#2.
